0 verbose cli /Users/miayamada-heidner/.nvm/versions/node/v20.11.0/bin/node /Users/miayamada-heidner/.nvm/versions/node/v20.11.0/bin/npm
1 info using npm@10.2.4
2 info using node@v20.11.0
3 timing npm:load:whichnode Completed in 1ms
4 timing config:load:defaults Completed in 0ms
5 timing config:load:file:/Users/miayamada-heidner/.nvm/versions/node/v20.11.0/lib/node_modules/npm/npmrc Completed in 1ms
6 timing config:load:builtin Completed in 1ms
7 timing config:load:cli Completed in 1ms
8 timing config:load:env Completed in 0ms
9 timing config:load:file:/Users/miayamada-heidner/book-cook/.npmrc Completed in 0ms
10 timing config:load:project Completed in 1ms
11 timing config:load:file:/Users/miayamada-heidner/.npmrc Completed in 0ms
12 timing config:load:user Completed in 0ms
13 timing config:load:file:/Users/miayamada-heidner/.nvm/versions/node/v20.11.0/etc/npmrc Completed in 0ms
14 timing config:load:global Completed in 0ms
15 timing config:load:setEnvs Completed in 1ms
16 timing config:load Completed in 4ms
17 timing npm:load:configload Completed in 4ms
18 timing config:load:flatten Completed in 1ms
19 timing npm:load:mkdirpcache Completed in 0ms
20 timing npm:load:mkdirplogs Completed in 0ms
21 verbose title npm run lint node_modules/.cache/.eslintcache
22 verbose argv "run" "lint" "--cache" "--cache-location" "node_modules/.cache/.eslintcache"
23 timing npm:load:setTitle Completed in 4ms
24 timing npm:load:display Completed in 1ms
25 verbose logfile logs-max:10 dir:/Users/miayamada-heidner/book-cook/--cache-location/_logs/2025-04-07T02_50_39_498Z-
26 verbose logfile /Users/miayamada-heidner/book-cook/--cache-location/_logs/2025-04-07T02_50_39_498Z-debug-0.log
27 timing npm:load:logFile Completed in 3ms
28 timing npm:load:timers Completed in 0ms
29 timing npm:load:configScope Completed in 0ms
30 timing npm:load Completed in 18ms
31 silly logfile done cleaning log files
32 timing command:run Completed in 121ms
33 verbose exit 1
34 timing npm Completed in 152ms
35 verbose code 1
